2017-10-22 12:44:34,061 [Worker-0] INFO  c.g.t.t.d.PublishedGradleVersions - Gradle version information cache is out-of-date. Trying to update.
2017-10-22 12:44:34,551 [Worker-0] ERROR c.g.t.t.d.PublishedGradleVersions - Cannot write Gradle version information cache file.
java.io.FileNotFoundException: C:\Users\Rae\.tooling\gradle\versions.json (Access is denied)
	at java.io.FileOutputStream.open0(Native Method) ~[na:1.8.0_144]
	at java.io.FileOutputStream.open(Unknown Source) ~[na:1.8.0_144]
	at java.io.FileOutputStream.<init>(Unknown Source) ~[na:1.8.0_144]
	at com.google.common.io.Files$FileByteSink.openStream(Files.java:245) ~[com.google.guava_15.0.0.v201403281430.jar:na]
	at com.google.common.io.Files$FileByteSink.openStream(Files.java:233) ~[com.google.guava_15.0.0.v201403281430.jar:na]
	at com.google.common.io.ByteSink$AsCharSink.openStream(ByteSink.java:158) ~[com.google.guava_15.0.0.v201403281430.jar:na]
	at com.google.common.io.CharSource.copyTo(CharSource.java:138) ~[com.google.guava_15.0.0.v201403281430.jar:na]
	at com.gradleware.tooling.toolingutils.distribution.PublishedGradleVersions.storeCacheVersionsFile(PublishedGradleVersions.java:194) [com.gradleware.tooling.utils_0.16.0.v20160831165132.jar:na]
	at com.gradleware.tooling.toolingutils.distribution.PublishedGradleVersions.tryToDownloadAndCacheVersions(PublishedGradleVersions.java:160) [com.gradleware.tooling.utils_0.16.0.v20160831165132.jar:na]
	at com.gradleware.tooling.toolingutils.distribution.PublishedGradleVersions.tryToUpdateOutdatedVersionsFile(PublishedGradleVersions.java:143) [com.gradleware.tooling.utils_0.16.0.v20160831165132.jar:na]
	at com.gradleware.tooling.toolingutils.distribution.PublishedGradleVersions.create(PublishedGradleVersions.java:127) [com.gradleware.tooling.utils_0.16.0.v20160831165132.jar:na]
	at org.eclipse.buildship.core.util.gradle.PublishedGradleVersionsWrapper$LoadVersionsJob.run(PublishedGradleVersionsWrapper.java:87) [org.eclipse.buildship.core_1.0.21.v20161010-1640.jar:na]
	at org.eclipse.core.internal.jobs.Worker.run(Worker.java:55) [org.eclipse.core.jobs_3.8.0.v20160509-0411.jar:na]
2017-10-22 12:49:58,068 [Worker-1] INFO  c.g.t.t.d.PublishedGradleVersions - Gradle version information cache is out-of-date. Trying to update.
2017-10-22 12:49:58,469 [Worker-1] ERROR c.g.t.t.d.PublishedGradleVersions - Cannot write Gradle version information cache file.
java.io.FileNotFoundException: C:\Users\Rae\.tooling\gradle\versions.json (Access is denied)
	at java.io.FileOutputStream.open0(Native Method) ~[na:1.8.0_144]
	at java.io.FileOutputStream.open(Unknown Source) ~[na:1.8.0_144]
	at java.io.FileOutputStream.<init>(Unknown Source) ~[na:1.8.0_144]
	at com.google.common.io.Files$FileByteSink.openStream(Files.java:245) ~[com.google.guava_15.0.0.v201403281430.jar:na]
	at com.google.common.io.Files$FileByteSink.openStream(Files.java:233) ~[com.google.guava_15.0.0.v201403281430.jar:na]
	at com.google.common.io.ByteSink$AsCharSink.openStream(ByteSink.java:158) ~[com.google.guava_15.0.0.v201403281430.jar:na]
	at com.google.common.io.CharSource.copyTo(CharSource.java:138) ~[com.google.guava_15.0.0.v201403281430.jar:na]
	at com.gradleware.tooling.toolingutils.distribution.PublishedGradleVersions.storeCacheVersionsFile(PublishedGradleVersions.java:194) [com.gradleware.tooling.utils_0.16.0.v20160831165132.jar:na]
	at com.gradleware.tooling.toolingutils.distribution.PublishedGradleVersions.tryToDownloadAndCacheVersions(PublishedGradleVersions.java:160) [com.gradleware.tooling.utils_0.16.0.v20160831165132.jar:na]
	at com.gradleware.tooling.toolingutils.distribution.PublishedGradleVersions.tryToUpdateOutdatedVersionsFile(PublishedGradleVersions.java:143) [com.gradleware.tooling.utils_0.16.0.v20160831165132.jar:na]
	at com.gradleware.tooling.toolingutils.distribution.PublishedGradleVersions.create(PublishedGradleVersions.java:127) [com.gradleware.tooling.utils_0.16.0.v20160831165132.jar:na]
	at org.eclipse.buildship.core.util.gradle.PublishedGradleVersionsWrapper$LoadVersionsJob.run(PublishedGradleVersionsWrapper.java:87) [org.eclipse.buildship.core_1.0.21.v20161010-1640.jar:na]
	at org.eclipse.core.internal.jobs.Worker.run(Worker.java:55) [org.eclipse.core.jobs_3.8.0.v20160509-0411.jar:na]
2017-10-22 16:04:29,896 [Worker-1] INFO  c.g.t.t.d.PublishedGradleVersions - Gradle version information cache is out-of-date. Trying to update.
2017-10-22 16:04:30,354 [Worker-1] ERROR c.g.t.t.d.PublishedGradleVersions - Cannot write Gradle version information cache file.
java.io.FileNotFoundException: C:\Users\Rae\.tooling\gradle\versions.json (Access is denied)
	at java.io.FileOutputStream.open0(Native Method) ~[na:1.8.0_144]
	at java.io.FileOutputStream.open(Unknown Source) ~[na:1.8.0_144]
	at java.io.FileOutputStream.<init>(Unknown Source) ~[na:1.8.0_144]
	at com.google.common.io.Files$FileByteSink.openStream(Files.java:245) ~[com.google.guava_15.0.0.v201403281430.jar:na]
	at com.google.common.io.Files$FileByteSink.openStream(Files.java:233) ~[com.google.guava_15.0.0.v201403281430.jar:na]
	at com.google.common.io.ByteSink$AsCharSink.openStream(ByteSink.java:158) ~[com.google.guava_15.0.0.v201403281430.jar:na]
	at com.google.common.io.CharSource.copyTo(CharSource.java:138) ~[com.google.guava_15.0.0.v201403281430.jar:na]
	at com.gradleware.tooling.toolingutils.distribution.PublishedGradleVersions.storeCacheVersionsFile(PublishedGradleVersions.java:194) [com.gradleware.tooling.utils_0.16.0.v20160831165132.jar:na]
	at com.gradleware.tooling.toolingutils.distribution.PublishedGradleVersions.tryToDownloadAndCacheVersions(PublishedGradleVersions.java:160) [com.gradleware.tooling.utils_0.16.0.v20160831165132.jar:na]
	at com.gradleware.tooling.toolingutils.distribution.PublishedGradleVersions.tryToUpdateOutdatedVersionsFile(PublishedGradleVersions.java:143) [com.gradleware.tooling.utils_0.16.0.v20160831165132.jar:na]
	at com.gradleware.tooling.toolingutils.distribution.PublishedGradleVersions.create(PublishedGradleVersions.java:127) [com.gradleware.tooling.utils_0.16.0.v20160831165132.jar:na]
	at org.eclipse.buildship.core.util.gradle.PublishedGradleVersionsWrapper$LoadVersionsJob.run(PublishedGradleVersionsWrapper.java:87) [org.eclipse.buildship.core_1.0.21.v20161010-1640.jar:na]
	at org.eclipse.core.internal.jobs.Worker.run(Worker.java:55) [org.eclipse.core.jobs_3.8.0.v20160509-0411.jar:na]
2017-10-25 11:41:28,905 [Worker-2] INFO  c.g.t.t.d.PublishedGradleVersions - Gradle version information cache is out-of-date. Trying to update.
2017-10-25 11:41:30,509 [Worker-2] ERROR c.g.t.t.d.PublishedGradleVersions - Cannot write Gradle version information cache file.
java.io.FileNotFoundException: C:\Users\Rae\.tooling\gradle\versions.json (Access is denied)
	at java.io.FileOutputStream.open0(Native Method) ~[na:1.8.0_144]
	at java.io.FileOutputStream.open(Unknown Source) ~[na:1.8.0_144]
	at java.io.FileOutputStream.<init>(Unknown Source) ~[na:1.8.0_144]
	at com.google.common.io.Files$FileByteSink.openStream(Files.java:245) ~[com.google.guava_15.0.0.v201403281430.jar:na]
	at com.google.common.io.Files$FileByteSink.openStream(Files.java:233) ~[com.google.guava_15.0.0.v201403281430.jar:na]
	at com.google.common.io.ByteSink$AsCharSink.openStream(ByteSink.java:158) ~[com.google.guava_15.0.0.v201403281430.jar:na]
	at com.google.common.io.CharSource.copyTo(CharSource.java:138) ~[com.google.guava_15.0.0.v201403281430.jar:na]
	at com.gradleware.tooling.toolingutils.distribution.PublishedGradleVersions.storeCacheVersionsFile(PublishedGradleVersions.java:194) [com.gradleware.tooling.utils_0.16.0.v20160831165132.jar:na]
	at com.gradleware.tooling.toolingutils.distribution.PublishedGradleVersions.tryToDownloadAndCacheVersions(PublishedGradleVersions.java:160) [com.gradleware.tooling.utils_0.16.0.v20160831165132.jar:na]
	at com.gradleware.tooling.toolingutils.distribution.PublishedGradleVersions.tryToUpdateOutdatedVersionsFile(PublishedGradleVersions.java:143) [com.gradleware.tooling.utils_0.16.0.v20160831165132.jar:na]
	at com.gradleware.tooling.toolingutils.distribution.PublishedGradleVersions.create(PublishedGradleVersions.java:127) [com.gradleware.tooling.utils_0.16.0.v20160831165132.jar:na]
	at org.eclipse.buildship.core.util.gradle.PublishedGradleVersionsWrapper$LoadVersionsJob.run(PublishedGradleVersionsWrapper.java:87) [org.eclipse.buildship.core_1.0.21.v20161010-1640.jar:na]
	at org.eclipse.core.internal.jobs.Worker.run(Worker.java:55) [org.eclipse.core.jobs_3.8.0.v20160509-0411.jar:na]
2017-10-25 18:15:30,107 [Worker-0] INFO  c.g.t.t.d.PublishedGradleVersions - Gradle version information cache is out-of-date. Trying to update.
2017-10-25 18:15:31,871 [Worker-0] ERROR c.g.t.t.d.PublishedGradleVersions - Cannot write Gradle version information cache file.
java.io.FileNotFoundException: C:\Users\Rae\.tooling\gradle\versions.json (Access is denied)
	at java.io.FileOutputStream.open0(Native Method) ~[na:1.8.0_144]
	at java.io.FileOutputStream.open(Unknown Source) ~[na:1.8.0_144]
	at java.io.FileOutputStream.<init>(Unknown Source) ~[na:1.8.0_144]
	at com.google.common.io.Files$FileByteSink.openStream(Files.java:245) ~[com.google.guava_15.0.0.v201403281430.jar:na]
	at com.google.common.io.Files$FileByteSink.openStream(Files.java:233) ~[com.google.guava_15.0.0.v201403281430.jar:na]
	at com.google.common.io.ByteSink$AsCharSink.openStream(ByteSink.java:158) ~[com.google.guava_15.0.0.v201403281430.jar:na]
	at com.google.common.io.CharSource.copyTo(CharSource.java:138) ~[com.google.guava_15.0.0.v201403281430.jar:na]
	at com.gradleware.tooling.toolingutils.distribution.PublishedGradleVersions.storeCacheVersionsFile(PublishedGradleVersions.java:194) [com.gradleware.tooling.utils_0.16.0.v20160831165132.jar:na]
	at com.gradleware.tooling.toolingutils.distribution.PublishedGradleVersions.tryToDownloadAndCacheVersions(PublishedGradleVersions.java:160) [com.gradleware.tooling.utils_0.16.0.v20160831165132.jar:na]
	at com.gradleware.tooling.toolingutils.distribution.PublishedGradleVersions.tryToUpdateOutdatedVersionsFile(PublishedGradleVersions.java:143) [com.gradleware.tooling.utils_0.16.0.v20160831165132.jar:na]
	at com.gradleware.tooling.toolingutils.distribution.PublishedGradleVersions.create(PublishedGradleVersions.java:127) [com.gradleware.tooling.utils_0.16.0.v20160831165132.jar:na]
	at org.eclipse.buildship.core.util.gradle.PublishedGradleVersionsWrapper$LoadVersionsJob.run(PublishedGradleVersionsWrapper.java:87) [org.eclipse.buildship.core_1.0.21.v20161010-1640.jar:na]
	at org.eclipse.core.internal.jobs.Worker.run(Worker.java:55) [org.eclipse.core.jobs_3.8.0.v20160509-0411.jar:na]
2017-10-29 11:33:13,055 [Worker-1] INFO  c.g.t.t.d.PublishedGradleVersions - Gradle version information cache is out-of-date. Trying to update.
2017-10-29 11:33:14,266 [Worker-1] ERROR c.g.t.t.d.PublishedGradleVersions - Cannot write Gradle version information cache file.
java.io.FileNotFoundException: C:\Users\Rae\.tooling\gradle\versions.json (Access is denied)
	at java.io.FileOutputStream.open0(Native Method) ~[na:1.8.0_144]
	at java.io.FileOutputStream.open(Unknown Source) ~[na:1.8.0_144]
	at java.io.FileOutputStream.<init>(Unknown Source) ~[na:1.8.0_144]
	at com.google.common.io.Files$FileByteSink.openStream(Files.java:245) ~[com.google.guava_15.0.0.v201403281430.jar:na]
	at com.google.common.io.Files$FileByteSink.openStream(Files.java:233) ~[com.google.guava_15.0.0.v201403281430.jar:na]
	at com.google.common.io.ByteSink$AsCharSink.openStream(ByteSink.java:158) ~[com.google.guava_15.0.0.v201403281430.jar:na]
	at com.google.common.io.CharSource.copyTo(CharSource.java:138) ~[com.google.guava_15.0.0.v201403281430.jar:na]
	at com.gradleware.tooling.toolingutils.distribution.PublishedGradleVersions.storeCacheVersionsFile(PublishedGradleVersions.java:194) [com.gradleware.tooling.utils_0.16.0.v20160831165132.jar:na]
	at com.gradleware.tooling.toolingutils.distribution.PublishedGradleVersions.tryToDownloadAndCacheVersions(PublishedGradleVersions.java:160) [com.gradleware.tooling.utils_0.16.0.v20160831165132.jar:na]
	at com.gradleware.tooling.toolingutils.distribution.PublishedGradleVersions.tryToUpdateOutdatedVersionsFile(PublishedGradleVersions.java:143) [com.gradleware.tooling.utils_0.16.0.v20160831165132.jar:na]
	at com.gradleware.tooling.toolingutils.distribution.PublishedGradleVersions.create(PublishedGradleVersions.java:127) [com.gradleware.tooling.utils_0.16.0.v20160831165132.jar:na]
	at org.eclipse.buildship.core.util.gradle.PublishedGradleVersionsWrapper$LoadVersionsJob.run(PublishedGradleVersionsWrapper.java:87) [org.eclipse.buildship.core_1.0.21.v20161010-1640.jar:na]
	at org.eclipse.core.internal.jobs.Worker.run(Worker.java:55) [org.eclipse.core.jobs_3.8.0.v20160509-0411.jar:na]
2017-10-30 13:07:23,616 [Worker-2] INFO  c.g.t.t.d.PublishedGradleVersions - Gradle version information cache is out-of-date. Trying to update.
2017-10-30 13:07:24,801 [Worker-2] ERROR c.g.t.t.d.PublishedGradleVersions - Cannot write Gradle version information cache file.
java.io.FileNotFoundException: C:\Users\Rae\.tooling\gradle\versions.json (Access is denied)
	at java.io.FileOutputStream.open0(Native Method) ~[na:1.8.0_144]
	at java.io.FileOutputStream.open(Unknown Source) ~[na:1.8.0_144]
	at java.io.FileOutputStream.<init>(Unknown Source) ~[na:1.8.0_144]
	at com.google.common.io.Files$FileByteSink.openStream(Files.java:245) ~[com.google.guava_15.0.0.v201403281430.jar:na]
	at com.google.common.io.Files$FileByteSink.openStream(Files.java:233) ~[com.google.guava_15.0.0.v201403281430.jar:na]
	at com.google.common.io.ByteSink$AsCharSink.openStream(ByteSink.java:158) ~[com.google.guava_15.0.0.v201403281430.jar:na]
	at com.google.common.io.CharSource.copyTo(CharSource.java:138) ~[com.google.guava_15.0.0.v201403281430.jar:na]
	at com.gradleware.tooling.toolingutils.distribution.PublishedGradleVersions.storeCacheVersionsFile(PublishedGradleVersions.java:194) [com.gradleware.tooling.utils_0.16.0.v20160831165132.jar:na]
	at com.gradleware.tooling.toolingutils.distribution.PublishedGradleVersions.tryToDownloadAndCacheVersions(PublishedGradleVersions.java:160) [com.gradleware.tooling.utils_0.16.0.v20160831165132.jar:na]
	at com.gradleware.tooling.toolingutils.distribution.PublishedGradleVersions.tryToUpdateOutdatedVersionsFile(PublishedGradleVersions.java:143) [com.gradleware.tooling.utils_0.16.0.v20160831165132.jar:na]
	at com.gradleware.tooling.toolingutils.distribution.PublishedGradleVersions.create(PublishedGradleVersions.java:127) [com.gradleware.tooling.utils_0.16.0.v20160831165132.jar:na]
	at org.eclipse.buildship.core.util.gradle.PublishedGradleVersionsWrapper$LoadVersionsJob.run(PublishedGradleVersionsWrapper.java:87) [org.eclipse.buildship.core_1.0.21.v20161010-1640.jar:na]
	at org.eclipse.core.internal.jobs.Worker.run(Worker.java:55) [org.eclipse.core.jobs_3.8.0.v20160509-0411.jar:na]
2017-10-30 18:59:02,330 [Worker-2] INFO  c.g.t.t.d.PublishedGradleVersions - Gradle version information cache is out-of-date. Trying to update.
2017-10-30 18:59:02,783 [Worker-2] ERROR c.g.t.t.d.PublishedGradleVersions - Cannot write Gradle version information cache file.
java.io.FileNotFoundException: C:\Users\Rae\.tooling\gradle\versions.json (Access is denied)
	at java.io.FileOutputStream.open0(Native Method) ~[na:1.8.0_144]
	at java.io.FileOutputStream.open(Unknown Source) ~[na:1.8.0_144]
	at java.io.FileOutputStream.<init>(Unknown Source) ~[na:1.8.0_144]
	at com.google.common.io.Files$FileByteSink.openStream(Files.java:245) ~[com.google.guava_15.0.0.v201403281430.jar:na]
	at com.google.common.io.Files$FileByteSink.openStream(Files.java:233) ~[com.google.guava_15.0.0.v201403281430.jar:na]
	at com.google.common.io.ByteSink$AsCharSink.openStream(ByteSink.java:158) ~[com.google.guava_15.0.0.v201403281430.jar:na]
	at com.google.common.io.CharSource.copyTo(CharSource.java:138) ~[com.google.guava_15.0.0.v201403281430.jar:na]
	at com.gradleware.tooling.toolingutils.distribution.PublishedGradleVersions.storeCacheVersionsFile(PublishedGradleVersions.java:194) [com.gradleware.tooling.utils_0.16.0.v20160831165132.jar:na]
	at com.gradleware.tooling.toolingutils.distribution.PublishedGradleVersions.tryToDownloadAndCacheVersions(PublishedGradleVersions.java:160) [com.gradleware.tooling.utils_0.16.0.v20160831165132.jar:na]
	at com.gradleware.tooling.toolingutils.distribution.PublishedGradleVersions.tryToUpdateOutdatedVersionsFile(PublishedGradleVersions.java:143) [com.gradleware.tooling.utils_0.16.0.v20160831165132.jar:na]
	at com.gradleware.tooling.toolingutils.distribution.PublishedGradleVersions.create(PublishedGradleVersions.java:127) [com.gradleware.tooling.utils_0.16.0.v20160831165132.jar:na]
	at org.eclipse.buildship.core.util.gradle.PublishedGradleVersionsWrapper$LoadVersionsJob.run(PublishedGradleVersionsWrapper.java:87) [org.eclipse.buildship.core_1.0.21.v20161010-1640.jar:na]
	at org.eclipse.core.internal.jobs.Worker.run(Worker.java:55) [org.eclipse.core.jobs_3.8.0.v20160509-0411.jar:na]
2017-10-30 19:00:58,506 [Worker-1] INFO  c.g.t.t.d.PublishedGradleVersions - Gradle version information cache is out-of-date. Trying to update.
2017-10-30 19:00:59,095 [Worker-1] ERROR c.g.t.t.d.PublishedGradleVersions - Cannot write Gradle version information cache file.
java.io.FileNotFoundException: C:\Users\Rae\.tooling\gradle\versions.json (Access is denied)
	at java.io.FileOutputStream.open0(Native Method) ~[na:1.8.0_144]
	at java.io.FileOutputStream.open(Unknown Source) ~[na:1.8.0_144]
	at java.io.FileOutputStream.<init>(Unknown Source) ~[na:1.8.0_144]
	at com.google.common.io.Files$FileByteSink.openStream(Files.java:245) ~[com.google.guava_15.0.0.v201403281430.jar:na]
	at com.google.common.io.Files$FileByteSink.openStream(Files.java:233) ~[com.google.guava_15.0.0.v201403281430.jar:na]
	at com.google.common.io.ByteSink$AsCharSink.openStream(ByteSink.java:158) ~[com.google.guava_15.0.0.v201403281430.jar:na]
	at com.google.common.io.CharSource.copyTo(CharSource.java:138) ~[com.google.guava_15.0.0.v201403281430.jar:na]
	at com.gradleware.tooling.toolingutils.distribution.PublishedGradleVersions.storeCacheVersionsFile(PublishedGradleVersions.java:194) [com.gradleware.tooling.utils_0.16.0.v20160831165132.jar:na]
	at com.gradleware.tooling.toolingutils.distribution.PublishedGradleVersions.tryToDownloadAndCacheVersions(PublishedGradleVersions.java:160) [com.gradleware.tooling.utils_0.16.0.v20160831165132.jar:na]
	at com.gradleware.tooling.toolingutils.distribution.PublishedGradleVersions.tryToUpdateOutdatedVersionsFile(PublishedGradleVersions.java:143) [com.gradleware.tooling.utils_0.16.0.v20160831165132.jar:na]
	at com.gradleware.tooling.toolingutils.distribution.PublishedGradleVersions.create(PublishedGradleVersions.java:127) [com.gradleware.tooling.utils_0.16.0.v20160831165132.jar:na]
	at org.eclipse.buildship.core.util.gradle.PublishedGradleVersionsWrapper$LoadVersionsJob.run(PublishedGradleVersionsWrapper.java:87) [org.eclipse.buildship.core_1.0.21.v20161010-1640.jar:na]
	at org.eclipse.core.internal.jobs.Worker.run(Worker.java:55) [org.eclipse.core.jobs_3.8.0.v20160509-0411.jar:na]
2017-10-30 19:09:27,456 [Worker-1] INFO  c.g.t.t.d.PublishedGradleVersions - Gradle version information cache is out-of-date. Trying to update.
2017-10-30 19:09:28,425 [Worker-1] ERROR c.g.t.t.d.PublishedGradleVersions - Cannot write Gradle version information cache file.
java.io.FileNotFoundException: C:\Users\Rae\.tooling\gradle\versions.json (Access is denied)
	at java.io.FileOutputStream.open0(Native Method) ~[na:1.8.0_144]
	at java.io.FileOutputStream.open(Unknown Source) ~[na:1.8.0_144]
	at java.io.FileOutputStream.<init>(Unknown Source) ~[na:1.8.0_144]
	at com.google.common.io.Files$FileByteSink.openStream(Files.java:245) ~[com.google.guava_15.0.0.v201403281430.jar:na]
	at com.google.common.io.Files$FileByteSink.openStream(Files.java:233) ~[com.google.guava_15.0.0.v201403281430.jar:na]
	at com.google.common.io.ByteSink$AsCharSink.openStream(ByteSink.java:158) ~[com.google.guava_15.0.0.v201403281430.jar:na]
	at com.google.common.io.CharSource.copyTo(CharSource.java:138) ~[com.google.guava_15.0.0.v201403281430.jar:na]
	at com.gradleware.tooling.toolingutils.distribution.PublishedGradleVersions.storeCacheVersionsFile(PublishedGradleVersions.java:194) [com.gradleware.tooling.utils_0.16.0.v20160831165132.jar:na]
	at com.gradleware.tooling.toolingutils.distribution.PublishedGradleVersions.tryToDownloadAndCacheVersions(PublishedGradleVersions.java:160) [com.gradleware.tooling.utils_0.16.0.v20160831165132.jar:na]
	at com.gradleware.tooling.toolingutils.distribution.PublishedGradleVersions.tryToUpdateOutdatedVersionsFile(PublishedGradleVersions.java:143) [com.gradleware.tooling.utils_0.16.0.v20160831165132.jar:na]
	at com.gradleware.tooling.toolingutils.distribution.PublishedGradleVersions.create(PublishedGradleVersions.java:127) [com.gradleware.tooling.utils_0.16.0.v20160831165132.jar:na]
	at org.eclipse.buildship.core.util.gradle.PublishedGradleVersionsWrapper$LoadVersionsJob.run(PublishedGradleVersionsWrapper.java:87) [org.eclipse.buildship.core_1.0.21.v20161010-1640.jar:na]
	at org.eclipse.core.internal.jobs.Worker.run(Worker.java:55) [org.eclipse.core.jobs_3.8.0.v20160509-0411.jar:na]
2017-10-30 22:36:17,044 [Worker-0] INFO  c.g.t.t.d.PublishedGradleVersions - Gradle version information cache is out-of-date. Trying to update.
2017-10-30 22:36:18,034 [Worker-0] ERROR c.g.t.t.d.PublishedGradleVersions - Cannot write Gradle version information cache file.
java.io.FileNotFoundException: C:\Users\Rae\.tooling\gradle\versions.json (Access is denied)
	at java.io.FileOutputStream.open0(Native Method) ~[na:1.8.0_144]
	at java.io.FileOutputStream.open(Unknown Source) ~[na:1.8.0_144]
	at java.io.FileOutputStream.<init>(Unknown Source) ~[na:1.8.0_144]
	at com.google.common.io.Files$FileByteSink.openStream(Files.java:245) ~[com.google.guava_15.0.0.v201403281430.jar:na]
	at com.google.common.io.Files$FileByteSink.openStream(Files.java:233) ~[com.google.guava_15.0.0.v201403281430.jar:na]
	at com.google.common.io.ByteSink$AsCharSink.openStream(ByteSink.java:158) ~[com.google.guava_15.0.0.v201403281430.jar:na]
	at com.google.common.io.CharSource.copyTo(CharSource.java:138) ~[com.google.guava_15.0.0.v201403281430.jar:na]
	at com.gradleware.tooling.toolingutils.distribution.PublishedGradleVersions.storeCacheVersionsFile(PublishedGradleVersions.java:194) [com.gradleware.tooling.utils_0.16.0.v20160831165132.jar:na]
	at com.gradleware.tooling.toolingutils.distribution.PublishedGradleVersions.tryToDownloadAndCacheVersions(PublishedGradleVersions.java:160) [com.gradleware.tooling.utils_0.16.0.v20160831165132.jar:na]
	at com.gradleware.tooling.toolingutils.distribution.PublishedGradleVersions.tryToUpdateOutdatedVersionsFile(PublishedGradleVersions.java:143) [com.gradleware.tooling.utils_0.16.0.v20160831165132.jar:na]
	at com.gradleware.tooling.toolingutils.distribution.PublishedGradleVersions.create(PublishedGradleVersions.java:127) [com.gradleware.tooling.utils_0.16.0.v20160831165132.jar:na]
	at org.eclipse.buildship.core.util.gradle.PublishedGradleVersionsWrapper$LoadVersionsJob.run(PublishedGradleVersionsWrapper.java:87) [org.eclipse.buildship.core_1.0.21.v20161010-1640.jar:na]
	at org.eclipse.core.internal.jobs.Worker.run(Worker.java:55) [org.eclipse.core.jobs_3.8.0.v20160509-0411.jar:na]
2017-11-01 07:58:47,662 [Worker-2] INFO  c.g.t.t.d.PublishedGradleVersions - Gradle version information cache is out-of-date. Trying to update.
2017-11-01 07:58:48,230 [Worker-2] ERROR c.g.t.t.d.PublishedGradleVersions - Cannot write Gradle version information cache file.
java.io.FileNotFoundException: C:\Users\Rae\.tooling\gradle\versions.json (Access is denied)
	at java.io.FileOutputStream.open0(Native Method) ~[na:1.8.0_144]
	at java.io.FileOutputStream.open(Unknown Source) ~[na:1.8.0_144]
	at java.io.FileOutputStream.<init>(Unknown Source) ~[na:1.8.0_144]
	at com.google.common.io.Files$FileByteSink.openStream(Files.java:245) ~[com.google.guava_15.0.0.v201403281430.jar:na]
	at com.google.common.io.Files$FileByteSink.openStream(Files.java:233) ~[com.google.guava_15.0.0.v201403281430.jar:na]
	at com.google.common.io.ByteSink$AsCharSink.openStream(ByteSink.java:158) ~[com.google.guava_15.0.0.v201403281430.jar:na]
	at com.google.common.io.CharSource.copyTo(CharSource.java:138) ~[com.google.guava_15.0.0.v201403281430.jar:na]
	at com.gradleware.tooling.toolingutils.distribution.PublishedGradleVersions.storeCacheVersionsFile(PublishedGradleVersions.java:194) [com.gradleware.tooling.utils_0.16.0.v20160831165132.jar:na]
	at com.gradleware.tooling.toolingutils.distribution.PublishedGradleVersions.tryToDownloadAndCacheVersions(PublishedGradleVersions.java:160) [com.gradleware.tooling.utils_0.16.0.v20160831165132.jar:na]
	at com.gradleware.tooling.toolingutils.distribution.PublishedGradleVersions.tryToUpdateOutdatedVersionsFile(PublishedGradleVersions.java:143) [com.gradleware.tooling.utils_0.16.0.v20160831165132.jar:na]
	at com.gradleware.tooling.toolingutils.distribution.PublishedGradleVersions.create(PublishedGradleVersions.java:127) [com.gradleware.tooling.utils_0.16.0.v20160831165132.jar:na]
	at org.eclipse.buildship.core.util.gradle.PublishedGradleVersionsWrapper$LoadVersionsJob.run(PublishedGradleVersionsWrapper.java:87) [org.eclipse.buildship.core_1.0.21.v20161010-1640.jar:na]
	at org.eclipse.core.internal.jobs.Worker.run(Worker.java:55) [org.eclipse.core.jobs_3.8.0.v20160509-0411.jar:na]
2017-11-01 10:14:52,984 [Worker-2] INFO  c.g.t.t.d.PublishedGradleVersions - Gradle version information cache is out-of-date. Trying to update.
2017-11-01 10:14:53,427 [Worker-2] ERROR c.g.t.t.d.PublishedGradleVersions - Cannot write Gradle version information cache file.
java.io.FileNotFoundException: C:\Users\Rae\.tooling\gradle\versions.json (Access is denied)
	at java.io.FileOutputStream.open0(Native Method) ~[na:1.8.0_144]
	at java.io.FileOutputStream.open(Unknown Source) ~[na:1.8.0_144]
	at java.io.FileOutputStream.<init>(Unknown Source) ~[na:1.8.0_144]
	at com.google.common.io.Files$FileByteSink.openStream(Files.java:245) ~[com.google.guava_15.0.0.v201403281430.jar:na]
	at com.google.common.io.Files$FileByteSink.openStream(Files.java:233) ~[com.google.guava_15.0.0.v201403281430.jar:na]
	at com.google.common.io.ByteSink$AsCharSink.openStream(ByteSink.java:158) ~[com.google.guava_15.0.0.v201403281430.jar:na]
	at com.google.common.io.CharSource.copyTo(CharSource.java:138) ~[com.google.guava_15.0.0.v201403281430.jar:na]
	at com.gradleware.tooling.toolingutils.distribution.PublishedGradleVersions.storeCacheVersionsFile(PublishedGradleVersions.java:194) [com.gradleware.tooling.utils_0.16.0.v20160831165132.jar:na]
	at com.gradleware.tooling.toolingutils.distribution.PublishedGradleVersions.tryToDownloadAndCacheVersions(PublishedGradleVersions.java:160) [com.gradleware.tooling.utils_0.16.0.v20160831165132.jar:na]
	at com.gradleware.tooling.toolingutils.distribution.PublishedGradleVersions.tryToUpdateOutdatedVersionsFile(PublishedGradleVersions.java:143) [com.gradleware.tooling.utils_0.16.0.v20160831165132.jar:na]
	at com.gradleware.tooling.toolingutils.distribution.PublishedGradleVersions.create(PublishedGradleVersions.java:127) [com.gradleware.tooling.utils_0.16.0.v20160831165132.jar:na]
	at org.eclipse.buildship.core.util.gradle.PublishedGradleVersionsWrapper$LoadVersionsJob.run(PublishedGradleVersionsWrapper.java:87) [org.eclipse.buildship.core_1.0.21.v20161010-1640.jar:na]
	at org.eclipse.core.internal.jobs.Worker.run(Worker.java:55) [org.eclipse.core.jobs_3.8.0.v20160509-0411.jar:na]
2017-11-01 12:05:39,110 [Worker-3] INFO  c.g.t.t.d.PublishedGradleVersions - Gradle version information cache is out-of-date. Trying to update.
2017-11-01 12:05:39,724 [Worker-3] ERROR c.g.t.t.d.PublishedGradleVersions - Cannot write Gradle version information cache file.
java.io.FileNotFoundException: C:\Users\Rae\.tooling\gradle\versions.json (Access is denied)
	at java.io.FileOutputStream.open0(Native Method) ~[na:1.8.0_144]
	at java.io.FileOutputStream.open(Unknown Source) ~[na:1.8.0_144]
	at java.io.FileOutputStream.<init>(Unknown Source) ~[na:1.8.0_144]
	at com.google.common.io.Files$FileByteSink.openStream(Files.java:245) ~[com.google.guava_15.0.0.v201403281430.jar:na]
	at com.google.common.io.Files$FileByteSink.openStream(Files.java:233) ~[com.google.guava_15.0.0.v201403281430.jar:na]
	at com.google.common.io.ByteSink$AsCharSink.openStream(ByteSink.java:158) ~[com.google.guava_15.0.0.v201403281430.jar:na]
	at com.google.common.io.CharSource.copyTo(CharSource.java:138) ~[com.google.guava_15.0.0.v201403281430.jar:na]
	at com.gradleware.tooling.toolingutils.distribution.PublishedGradleVersions.storeCacheVersionsFile(PublishedGradleVersions.java:194) [com.gradleware.tooling.utils_0.16.0.v20160831165132.jar:na]
	at com.gradleware.tooling.toolingutils.distribution.PublishedGradleVersions.tryToDownloadAndCacheVersions(PublishedGradleVersions.java:160) [com.gradleware.tooling.utils_0.16.0.v20160831165132.jar:na]
	at com.gradleware.tooling.toolingutils.distribution.PublishedGradleVersions.tryToUpdateOutdatedVersionsFile(PublishedGradleVersions.java:143) [com.gradleware.tooling.utils_0.16.0.v20160831165132.jar:na]
	at com.gradleware.tooling.toolingutils.distribution.PublishedGradleVersions.create(PublishedGradleVersions.java:127) [com.gradleware.tooling.utils_0.16.0.v20160831165132.jar:na]
	at org.eclipse.buildship.core.util.gradle.PublishedGradleVersionsWrapper$LoadVersionsJob.run(PublishedGradleVersionsWrapper.java:87) [org.eclipse.buildship.core_1.0.21.v20161010-1640.jar:na]
	at org.eclipse.core.internal.jobs.Worker.run(Worker.java:55) [org.eclipse.core.jobs_3.8.0.v20160509-0411.jar:na]
2017-11-02 14:07:42,914 [Worker-1] INFO  c.g.t.t.d.PublishedGradleVersions - Gradle version information cache is out-of-date. Trying to update.
2017-11-02 14:07:43,425 [Worker-1] ERROR c.g.t.t.d.PublishedGradleVersions - Cannot write Gradle version information cache file.
java.io.FileNotFoundException: C:\Users\Rae\.tooling\gradle\versions.json (Access is denied)
	at java.io.FileOutputStream.open0(Native Method) ~[na:1.8.0_144]
	at java.io.FileOutputStream.open(Unknown Source) ~[na:1.8.0_144]
	at java.io.FileOutputStream.<init>(Unknown Source) ~[na:1.8.0_144]
	at com.google.common.io.Files$FileByteSink.openStream(Files.java:245) ~[com.google.guava_15.0.0.v201403281430.jar:na]
	at com.google.common.io.Files$FileByteSink.openStream(Files.java:233) ~[com.google.guava_15.0.0.v201403281430.jar:na]
	at com.google.common.io.ByteSink$AsCharSink.openStream(ByteSink.java:158) ~[com.google.guava_15.0.0.v201403281430.jar:na]
	at com.google.common.io.CharSource.copyTo(CharSource.java:138) ~[com.google.guava_15.0.0.v201403281430.jar:na]
	at com.gradleware.tooling.toolingutils.distribution.PublishedGradleVersions.storeCacheVersionsFile(PublishedGradleVersions.java:194) [com.gradleware.tooling.utils_0.16.0.v20160831165132.jar:na]
	at com.gradleware.tooling.toolingutils.distribution.PublishedGradleVersions.tryToDownloadAndCacheVersions(PublishedGradleVersions.java:160) [com.gradleware.tooling.utils_0.16.0.v20160831165132.jar:na]
	at com.gradleware.tooling.toolingutils.distribution.PublishedGradleVersions.tryToUpdateOutdatedVersionsFile(PublishedGradleVersions.java:143) [com.gradleware.tooling.utils_0.16.0.v20160831165132.jar:na]
	at com.gradleware.tooling.toolingutils.distribution.PublishedGradleVersions.create(PublishedGradleVersions.java:127) [com.gradleware.tooling.utils_0.16.0.v20160831165132.jar:na]
	at org.eclipse.buildship.core.util.gradle.PublishedGradleVersionsWrapper$LoadVersionsJob.run(PublishedGradleVersionsWrapper.java:87) [org.eclipse.buildship.core_1.0.21.v20161010-1640.jar:na]
	at org.eclipse.core.internal.jobs.Worker.run(Worker.java:55) [org.eclipse.core.jobs_3.8.0.v20160509-0411.jar:na]
2017-11-03 10:31:20,066 [Worker-2] INFO  c.g.t.t.d.PublishedGradleVersions - Gradle version information cache is out-of-date. Trying to update.
2017-11-03 10:31:20,809 [Worker-2] ERROR c.g.t.t.d.PublishedGradleVersions - Cannot write Gradle version information cache file.
java.io.FileNotFoundException: C:\Users\Rae\.tooling\gradle\versions.json (Access is denied)
	at java.io.FileOutputStream.open0(Native Method) ~[na:1.8.0_144]
	at java.io.FileOutputStream.open(Unknown Source) ~[na:1.8.0_144]
	at java.io.FileOutputStream.<init>(Unknown Source) ~[na:1.8.0_144]
	at com.google.common.io.Files$FileByteSink.openStream(Files.java:245) ~[com.google.guava_15.0.0.v201403281430.jar:na]
	at com.google.common.io.Files$FileByteSink.openStream(Files.java:233) ~[com.google.guava_15.0.0.v201403281430.jar:na]
	at com.google.common.io.ByteSink$AsCharSink.openStream(ByteSink.java:158) ~[com.google.guava_15.0.0.v201403281430.jar:na]
	at com.google.common.io.CharSource.copyTo(CharSource.java:138) ~[com.google.guava_15.0.0.v201403281430.jar:na]
	at com.gradleware.tooling.toolingutils.distribution.PublishedGradleVersions.storeCacheVersionsFile(PublishedGradleVersions.java:194) [com.gradleware.tooling.utils_0.16.0.v20160831165132.jar:na]
	at com.gradleware.tooling.toolingutils.distribution.PublishedGradleVersions.tryToDownloadAndCacheVersions(PublishedGradleVersions.java:160) [com.gradleware.tooling.utils_0.16.0.v20160831165132.jar:na]
	at com.gradleware.tooling.toolingutils.distribution.PublishedGradleVersions.tryToUpdateOutdatedVersionsFile(PublishedGradleVersions.java:143) [com.gradleware.tooling.utils_0.16.0.v20160831165132.jar:na]
	at com.gradleware.tooling.toolingutils.distribution.PublishedGradleVersions.create(PublishedGradleVersions.java:127) [com.gradleware.tooling.utils_0.16.0.v20160831165132.jar:na]
	at org.eclipse.buildship.core.util.gradle.PublishedGradleVersionsWrapper$LoadVersionsJob.run(PublishedGradleVersionsWrapper.java:87) [org.eclipse.buildship.core_1.0.21.v20161010-1640.jar:na]
	at org.eclipse.core.internal.jobs.Worker.run(Worker.java:55) [org.eclipse.core.jobs_3.8.0.v20160509-0411.jar:na]
2017-11-03 10:33:29,638 [Worker-2] INFO  c.g.t.t.d.PublishedGradleVersions - Gradle version information cache is out-of-date. Trying to update.
2017-11-03 10:33:30,282 [Worker-2] ERROR c.g.t.t.d.PublishedGradleVersions - Cannot write Gradle version information cache file.
java.io.FileNotFoundException: C:\Users\Rae\.tooling\gradle\versions.json (Access is denied)
	at java.io.FileOutputStream.open0(Native Method) ~[na:1.8.0_144]
	at java.io.FileOutputStream.open(Unknown Source) ~[na:1.8.0_144]
	at java.io.FileOutputStream.<init>(Unknown Source) ~[na:1.8.0_144]
	at com.google.common.io.Files$FileByteSink.openStream(Files.java:245) ~[com.google.guava_15.0.0.v201403281430.jar:na]
	at com.google.common.io.Files$FileByteSink.openStream(Files.java:233) ~[com.google.guava_15.0.0.v201403281430.jar:na]
	at com.google.common.io.ByteSink$AsCharSink.openStream(ByteSink.java:158) ~[com.google.guava_15.0.0.v201403281430.jar:na]
	at com.google.common.io.CharSource.copyTo(CharSource.java:138) ~[com.google.guava_15.0.0.v201403281430.jar:na]
	at com.gradleware.tooling.toolingutils.distribution.PublishedGradleVersions.storeCacheVersionsFile(PublishedGradleVersions.java:194) [com.gradleware.tooling.utils_0.16.0.v20160831165132.jar:na]
	at com.gradleware.tooling.toolingutils.distribution.PublishedGradleVersions.tryToDownloadAndCacheVersions(PublishedGradleVersions.java:160) [com.gradleware.tooling.utils_0.16.0.v20160831165132.jar:na]
	at com.gradleware.tooling.toolingutils.distribution.PublishedGradleVersions.tryToUpdateOutdatedVersionsFile(PublishedGradleVersions.java:143) [com.gradleware.tooling.utils_0.16.0.v20160831165132.jar:na]
	at com.gradleware.tooling.toolingutils.distribution.PublishedGradleVersions.create(PublishedGradleVersions.java:127) [com.gradleware.tooling.utils_0.16.0.v20160831165132.jar:na]
	at org.eclipse.buildship.core.util.gradle.PublishedGradleVersionsWrapper$LoadVersionsJob.run(PublishedGradleVersionsWrapper.java:87) [org.eclipse.buildship.core_1.0.21.v20161010-1640.jar:na]
	at org.eclipse.core.internal.jobs.Worker.run(Worker.java:55) [org.eclipse.core.jobs_3.8.0.v20160509-0411.jar:na]
2017-11-03 10:37:19,479 [Worker-0] INFO  c.g.t.t.d.PublishedGradleVersions - Gradle version information cache is out-of-date. Trying to update.
2017-11-03 10:37:19,989 [Worker-0] ERROR c.g.t.t.d.PublishedGradleVersions - Cannot write Gradle version information cache file.
java.io.FileNotFoundException: C:\Users\Rae\.tooling\gradle\versions.json (Access is denied)
	at java.io.FileOutputStream.open0(Native Method) ~[na:1.8.0_144]
	at java.io.FileOutputStream.open(Unknown Source) ~[na:1.8.0_144]
	at java.io.FileOutputStream.<init>(Unknown Source) ~[na:1.8.0_144]
	at com.google.common.io.Files$FileByteSink.openStream(Files.java:245) ~[com.google.guava_15.0.0.v201403281430.jar:na]
	at com.google.common.io.Files$FileByteSink.openStream(Files.java:233) ~[com.google.guava_15.0.0.v201403281430.jar:na]
	at com.google.common.io.ByteSink$AsCharSink.openStream(ByteSink.java:158) ~[com.google.guava_15.0.0.v201403281430.jar:na]
	at com.google.common.io.CharSource.copyTo(CharSource.java:138) ~[com.google.guava_15.0.0.v201403281430.jar:na]
	at com.gradleware.tooling.toolingutils.distribution.PublishedGradleVersions.storeCacheVersionsFile(PublishedGradleVersions.java:194) [com.gradleware.tooling.utils_0.16.0.v20160831165132.jar:na]
	at com.gradleware.tooling.toolingutils.distribution.PublishedGradleVersions.tryToDownloadAndCacheVersions(PublishedGradleVersions.java:160) [com.gradleware.tooling.utils_0.16.0.v20160831165132.jar:na]
	at com.gradleware.tooling.toolingutils.distribution.PublishedGradleVersions.tryToUpdateOutdatedVersionsFile(PublishedGradleVersions.java:143) [com.gradleware.tooling.utils_0.16.0.v20160831165132.jar:na]
	at com.gradleware.tooling.toolingutils.distribution.PublishedGradleVersions.create(PublishedGradleVersions.java:127) [com.gradleware.tooling.utils_0.16.0.v20160831165132.jar:na]
	at org.eclipse.buildship.core.util.gradle.PublishedGradleVersionsWrapper$LoadVersionsJob.run(PublishedGradleVersionsWrapper.java:87) [org.eclipse.buildship.core_1.0.21.v20161010-1640.jar:na]
	at org.eclipse.core.internal.jobs.Worker.run(Worker.java:55) [org.eclipse.core.jobs_3.8.0.v20160509-0411.jar:na]
2017-11-06 18:08:06,451 [Worker-0] INFO  c.g.t.t.d.PublishedGradleVersions - Gradle version information cache is out-of-date. Trying to update.
2017-11-06 18:08:07,064 [Worker-0] ERROR c.g.t.t.d.PublishedGradleVersions - Cannot write Gradle version information cache file.
java.io.FileNotFoundException: C:\Users\Rae\.tooling\gradle\versions.json (Access is denied)
	at java.io.FileOutputStream.open0(Native Method) ~[na:1.8.0_144]
	at java.io.FileOutputStream.open(Unknown Source) ~[na:1.8.0_144]
	at java.io.FileOutputStream.<init>(Unknown Source) ~[na:1.8.0_144]
	at com.google.common.io.Files$FileByteSink.openStream(Files.java:245) ~[com.google.guava_15.0.0.v201403281430.jar:na]
	at com.google.common.io.Files$FileByteSink.openStream(Files.java:233) ~[com.google.guava_15.0.0.v201403281430.jar:na]
	at com.google.common.io.ByteSink$AsCharSink.openStream(ByteSink.java:158) ~[com.google.guava_15.0.0.v201403281430.jar:na]
	at com.google.common.io.CharSource.copyTo(CharSource.java:138) ~[com.google.guava_15.0.0.v201403281430.jar:na]
	at com.gradleware.tooling.toolingutils.distribution.PublishedGradleVersions.storeCacheVersionsFile(PublishedGradleVersions.java:194) [com.gradleware.tooling.utils_0.16.0.v20160831165132.jar:na]
	at com.gradleware.tooling.toolingutils.distribution.PublishedGradleVersions.tryToDownloadAndCacheVersions(PublishedGradleVersions.java:160) [com.gradleware.tooling.utils_0.16.0.v20160831165132.jar:na]
	at com.gradleware.tooling.toolingutils.distribution.PublishedGradleVersions.tryToUpdateOutdatedVersionsFile(PublishedGradleVersions.java:143) [com.gradleware.tooling.utils_0.16.0.v20160831165132.jar:na]
	at com.gradleware.tooling.toolingutils.distribution.PublishedGradleVersions.create(PublishedGradleVersions.java:127) [com.gradleware.tooling.utils_0.16.0.v20160831165132.jar:na]
	at org.eclipse.buildship.core.util.gradle.PublishedGradleVersionsWrapper$LoadVersionsJob.run(PublishedGradleVersionsWrapper.java:87) [org.eclipse.buildship.core_1.0.21.v20161010-1640.jar:na]
	at org.eclipse.core.internal.jobs.Worker.run(Worker.java:55) [org.eclipse.core.jobs_3.8.0.v20160509-0411.jar:na]
2017-11-08 10:21:36,593 [Worker-2] INFO  c.g.t.t.d.PublishedGradleVersions - Gradle version information cache is out-of-date. Trying to update.
2017-11-08 10:21:39,602 [Worker-2] ERROR c.g.t.t.d.PublishedGradleVersions - Cannot write Gradle version information cache file.
java.io.FileNotFoundException: C:\Users\Rae\.tooling\gradle\versions.json (Access is denied)
	at java.io.FileOutputStream.open0(Native Method) ~[na:1.8.0_144]
	at java.io.FileOutputStream.open(Unknown Source) ~[na:1.8.0_144]
	at java.io.FileOutputStream.<init>(Unknown Source) ~[na:1.8.0_144]
	at com.google.common.io.Files$FileByteSink.openStream(Files.java:245) ~[com.google.guava_15.0.0.v201403281430.jar:na]
	at com.google.common.io.Files$FileByteSink.openStream(Files.java:233) ~[com.google.guava_15.0.0.v201403281430.jar:na]
	at com.google.common.io.ByteSink$AsCharSink.openStream(ByteSink.java:158) ~[com.google.guava_15.0.0.v201403281430.jar:na]
	at com.google.common.io.CharSource.copyTo(CharSource.java:138) ~[com.google.guava_15.0.0.v201403281430.jar:na]
	at com.gradleware.tooling.toolingutils.distribution.PublishedGradleVersions.storeCacheVersionsFile(PublishedGradleVersions.java:194) [com.gradleware.tooling.utils_0.16.0.v20160831165132.jar:na]
	at com.gradleware.tooling.toolingutils.distribution.PublishedGradleVersions.tryToDownloadAndCacheVersions(PublishedGradleVersions.java:160) [com.gradleware.tooling.utils_0.16.0.v20160831165132.jar:na]
	at com.gradleware.tooling.toolingutils.distribution.PublishedGradleVersions.tryToUpdateOutdatedVersionsFile(PublishedGradleVersions.java:143) [com.gradleware.tooling.utils_0.16.0.v20160831165132.jar:na]
	at com.gradleware.tooling.toolingutils.distribution.PublishedGradleVersions.create(PublishedGradleVersions.java:127) [com.gradleware.tooling.utils_0.16.0.v20160831165132.jar:na]
	at org.eclipse.buildship.core.util.gradle.PublishedGradleVersionsWrapper$LoadVersionsJob.run(PublishedGradleVersionsWrapper.java:87) [org.eclipse.buildship.core_1.0.21.v20161010-1640.jar:na]
	at org.eclipse.core.internal.jobs.Worker.run(Worker.java:55) [org.eclipse.core.jobs_3.8.0.v20160509-0411.jar:na]
2017-11-08 10:54:41,658 [Worker-1] INFO  c.g.t.t.d.PublishedGradleVersions - Gradle version information cache is out-of-date. Trying to update.
2017-11-08 10:54:42,883 [Worker-1] ERROR c.g.t.t.d.PublishedGradleVersions - Cannot write Gradle version information cache file.
java.io.FileNotFoundException: C:\Users\Rae\.tooling\gradle\versions.json (Access is denied)
	at java.io.FileOutputStream.open0(Native Method) ~[na:1.8.0_144]
	at java.io.FileOutputStream.open(Unknown Source) ~[na:1.8.0_144]
	at java.io.FileOutputStream.<init>(Unknown Source) ~[na:1.8.0_144]
	at com.google.common.io.Files$FileByteSink.openStream(Files.java:245) ~[com.google.guava_15.0.0.v201403281430.jar:na]
	at com.google.common.io.Files$FileByteSink.openStream(Files.java:233) ~[com.google.guava_15.0.0.v201403281430.jar:na]
	at com.google.common.io.ByteSink$AsCharSink.openStream(ByteSink.java:158) ~[com.google.guava_15.0.0.v201403281430.jar:na]
	at com.google.common.io.CharSource.copyTo(CharSource.java:138) ~[com.google.guava_15.0.0.v201403281430.jar:na]
	at com.gradleware.tooling.toolingutils.distribution.PublishedGradleVersions.storeCacheVersionsFile(PublishedGradleVersions.java:194) [com.gradleware.tooling.utils_0.16.0.v20160831165132.jar:na]
	at com.gradleware.tooling.toolingutils.distribution.PublishedGradleVersions.tryToDownloadAndCacheVersions(PublishedGradleVersions.java:160) [com.gradleware.tooling.utils_0.16.0.v20160831165132.jar:na]
	at com.gradleware.tooling.toolingutils.distribution.PublishedGradleVersions.tryToUpdateOutdatedVersionsFile(PublishedGradleVersions.java:143) [com.gradleware.tooling.utils_0.16.0.v20160831165132.jar:na]
	at com.gradleware.tooling.toolingutils.distribution.PublishedGradleVersions.create(PublishedGradleVersions.java:127) [com.gradleware.tooling.utils_0.16.0.v20160831165132.jar:na]
	at org.eclipse.buildship.core.util.gradle.PublishedGradleVersionsWrapper$LoadVersionsJob.run(PublishedGradleVersionsWrapper.java:87) [org.eclipse.buildship.core_1.0.21.v20161010-1640.jar:na]
	at org.eclipse.core.internal.jobs.Worker.run(Worker.java:55) [org.eclipse.core.jobs_3.8.0.v20160509-0411.jar:na]
2017-11-09 08:48:45,264 [Worker-1] INFO  c.g.t.t.d.PublishedGradleVersions - Gradle version information cache is out-of-date. Trying to update.
2017-11-09 08:48:45,990 [Worker-1] ERROR c.g.t.t.d.PublishedGradleVersions - Cannot write Gradle version information cache file.
java.io.FileNotFoundException: C:\Users\Rae\.tooling\gradle\versions.json (Access is denied)
	at java.io.FileOutputStream.open0(Native Method) ~[na:1.8.0_144]
	at java.io.FileOutputStream.open(Unknown Source) ~[na:1.8.0_144]
	at java.io.FileOutputStream.<init>(Unknown Source) ~[na:1.8.0_144]
	at com.google.common.io.Files$FileByteSink.openStream(Files.java:245) ~[com.google.guava_15.0.0.v201403281430.jar:na]
	at com.google.common.io.Files$FileByteSink.openStream(Files.java:233) ~[com.google.guava_15.0.0.v201403281430.jar:na]
	at com.google.common.io.ByteSink$AsCharSink.openStream(ByteSink.java:158) ~[com.google.guava_15.0.0.v201403281430.jar:na]
	at com.google.common.io.CharSource.copyTo(CharSource.java:138) ~[com.google.guava_15.0.0.v201403281430.jar:na]
	at com.gradleware.tooling.toolingutils.distribution.PublishedGradleVersions.storeCacheVersionsFile(PublishedGradleVersions.java:194) [com.gradleware.tooling.utils_0.16.0.v20160831165132.jar:na]
	at com.gradleware.tooling.toolingutils.distribution.PublishedGradleVersions.tryToDownloadAndCacheVersions(PublishedGradleVersions.java:160) [com.gradleware.tooling.utils_0.16.0.v20160831165132.jar:na]
	at com.gradleware.tooling.toolingutils.distribution.PublishedGradleVersions.tryToUpdateOutdatedVersionsFile(PublishedGradleVersions.java:143) [com.gradleware.tooling.utils_0.16.0.v20160831165132.jar:na]
	at com.gradleware.tooling.toolingutils.distribution.PublishedGradleVersions.create(PublishedGradleVersions.java:127) [com.gradleware.tooling.utils_0.16.0.v20160831165132.jar:na]
	at org.eclipse.buildship.core.util.gradle.PublishedGradleVersionsWrapper$LoadVersionsJob.run(PublishedGradleVersionsWrapper.java:87) [org.eclipse.buildship.core_1.0.21.v20161010-1640.jar:na]
	at org.eclipse.core.internal.jobs.Worker.run(Worker.java:55) [org.eclipse.core.jobs_3.8.0.v20160509-0411.jar:na]
2017-11-10 09:43:25,609 [Worker-2] INFO  c.g.t.t.d.PublishedGradleVersions - Gradle version information cache is out-of-date. Trying to update.
2017-11-10 09:43:26,398 [Worker-2] ERROR c.g.t.t.d.PublishedGradleVersions - Cannot write Gradle version information cache file.
java.io.FileNotFoundException: C:\Users\Rae\.tooling\gradle\versions.json (Access is denied)
	at java.io.FileOutputStream.open0(Native Method) ~[na:1.8.0_144]
	at java.io.FileOutputStream.open(Unknown Source) ~[na:1.8.0_144]
	at java.io.FileOutputStream.<init>(Unknown Source) ~[na:1.8.0_144]
	at com.google.common.io.Files$FileByteSink.openStream(Files.java:245) ~[com.google.guava_15.0.0.v201403281430.jar:na]
	at com.google.common.io.Files$FileByteSink.openStream(Files.java:233) ~[com.google.guava_15.0.0.v201403281430.jar:na]
	at com.google.common.io.ByteSink$AsCharSink.openStream(ByteSink.java:158) ~[com.google.guava_15.0.0.v201403281430.jar:na]
	at com.google.common.io.CharSource.copyTo(CharSource.java:138) ~[com.google.guava_15.0.0.v201403281430.jar:na]
	at com.gradleware.tooling.toolingutils.distribution.PublishedGradleVersions.storeCacheVersionsFile(PublishedGradleVersions.java:194) [com.gradleware.tooling.utils_0.16.0.v20160831165132.jar:na]
	at com.gradleware.tooling.toolingutils.distribution.PublishedGradleVersions.tryToDownloadAndCacheVersions(PublishedGradleVersions.java:160) [com.gradleware.tooling.utils_0.16.0.v20160831165132.jar:na]
	at com.gradleware.tooling.toolingutils.distribution.PublishedGradleVersions.tryToUpdateOutdatedVersionsFile(PublishedGradleVersions.java:143) [com.gradleware.tooling.utils_0.16.0.v20160831165132.jar:na]
	at com.gradleware.tooling.toolingutils.distribution.PublishedGradleVersions.create(PublishedGradleVersions.java:127) [com.gradleware.tooling.utils_0.16.0.v20160831165132.jar:na]
	at org.eclipse.buildship.core.util.gradle.PublishedGradleVersionsWrapper$LoadVersionsJob.run(PublishedGradleVersionsWrapper.java:87) [org.eclipse.buildship.core_1.0.21.v20161010-1640.jar:na]
	at org.eclipse.core.internal.jobs.Worker.run(Worker.java:55) [org.eclipse.core.jobs_3.8.0.v20160509-0411.jar:na]
2017-11-10 17:22:43,998 [Worker-0] INFO  c.g.t.t.d.PublishedGradleVersions - Gradle version information cache is out-of-date. Trying to update.
2017-11-10 17:22:44,599 [Worker-0] ERROR c.g.t.t.d.PublishedGradleVersions - Cannot write Gradle version information cache file.
java.io.FileNotFoundException: C:\Users\Rae\.tooling\gradle\versions.json (Access is denied)
	at java.io.FileOutputStream.open0(Native Method) ~[na:1.8.0_144]
	at java.io.FileOutputStream.open(Unknown Source) ~[na:1.8.0_144]
	at java.io.FileOutputStream.<init>(Unknown Source) ~[na:1.8.0_144]
	at com.google.common.io.Files$FileByteSink.openStream(Files.java:245) ~[com.google.guava_15.0.0.v201403281430.jar:na]
	at com.google.common.io.Files$FileByteSink.openStream(Files.java:233) ~[com.google.guava_15.0.0.v201403281430.jar:na]
	at com.google.common.io.ByteSink$AsCharSink.openStream(ByteSink.java:158) ~[com.google.guava_15.0.0.v201403281430.jar:na]
	at com.google.common.io.CharSource.copyTo(CharSource.java:138) ~[com.google.guava_15.0.0.v201403281430.jar:na]
	at com.gradleware.tooling.toolingutils.distribution.PublishedGradleVersions.storeCacheVersionsFile(PublishedGradleVersions.java:194) [com.gradleware.tooling.utils_0.16.0.v20160831165132.jar:na]
	at com.gradleware.tooling.toolingutils.distribution.PublishedGradleVersions.tryToDownloadAndCacheVersions(PublishedGradleVersions.java:160) [com.gradleware.tooling.utils_0.16.0.v20160831165132.jar:na]
	at com.gradleware.tooling.toolingutils.distribution.PublishedGradleVersions.tryToUpdateOutdatedVersionsFile(PublishedGradleVersions.java:143) [com.gradleware.tooling.utils_0.16.0.v20160831165132.jar:na]
	at com.gradleware.tooling.toolingutils.distribution.PublishedGradleVersions.create(PublishedGradleVersions.java:127) [com.gradleware.tooling.utils_0.16.0.v20160831165132.jar:na]
	at org.eclipse.buildship.core.util.gradle.PublishedGradleVersionsWrapper$LoadVersionsJob.run(PublishedGradleVersionsWrapper.java:87) [org.eclipse.buildship.core_1.0.21.v20161010-1640.jar:na]
	at org.eclipse.core.internal.jobs.Worker.run(Worker.java:55) [org.eclipse.core.jobs_3.8.0.v20160509-0411.jar:na]
2017-11-11 17:12:37,074 [Worker-2] INFO  c.g.t.t.d.PublishedGradleVersions - Gradle version information cache is out-of-date. Trying to update.
2017-11-11 17:12:37,813 [Worker-2] ERROR c.g.t.t.d.PublishedGradleVersions - Cannot write Gradle version information cache file.
java.io.FileNotFoundException: C:\Users\Rae\.tooling\gradle\versions.json (Access is denied)
	at java.io.FileOutputStream.open0(Native Method) ~[na:1.8.0_144]
	at java.io.FileOutputStream.open(Unknown Source) ~[na:1.8.0_144]
	at java.io.FileOutputStream.<init>(Unknown Source) ~[na:1.8.0_144]
	at com.google.common.io.Files$FileByteSink.openStream(Files.java:245) ~[com.google.guava_15.0.0.v201403281430.jar:na]
	at com.google.common.io.Files$FileByteSink.openStream(Files.java:233) ~[com.google.guava_15.0.0.v201403281430.jar:na]
	at com.google.common.io.ByteSink$AsCharSink.openStream(ByteSink.java:158) ~[com.google.guava_15.0.0.v201403281430.jar:na]
	at com.google.common.io.CharSource.copyTo(CharSource.java:138) ~[com.google.guava_15.0.0.v201403281430.jar:na]
	at com.gradleware.tooling.toolingutils.distribution.PublishedGradleVersions.storeCacheVersionsFile(PublishedGradleVersions.java:194) [com.gradleware.tooling.utils_0.16.0.v20160831165132.jar:na]
	at com.gradleware.tooling.toolingutils.distribution.PublishedGradleVersions.tryToDownloadAndCacheVersions(PublishedGradleVersions.java:160) [com.gradleware.tooling.utils_0.16.0.v20160831165132.jar:na]
	at com.gradleware.tooling.toolingutils.distribution.PublishedGradleVersions.tryToUpdateOutdatedVersionsFile(PublishedGradleVersions.java:143) [com.gradleware.tooling.utils_0.16.0.v20160831165132.jar:na]
	at com.gradleware.tooling.toolingutils.distribution.PublishedGradleVersions.create(PublishedGradleVersions.java:127) [com.gradleware.tooling.utils_0.16.0.v20160831165132.jar:na]
	at org.eclipse.buildship.core.util.gradle.PublishedGradleVersionsWrapper$LoadVersionsJob.run(PublishedGradleVersionsWrapper.java:87) [org.eclipse.buildship.core_1.0.21.v20161010-1640.jar:na]
	at org.eclipse.core.internal.jobs.Worker.run(Worker.java:55) [org.eclipse.core.jobs_3.8.0.v20160509-0411.jar:na]
2017-11-12 11:39:50,353 [Worker-2] INFO  c.g.t.t.d.PublishedGradleVersions - Gradle version information cache is out-of-date. Trying to update.
2017-11-12 11:39:50,696 [Worker-2] ERROR c.g.t.t.d.PublishedGradleVersions - Cannot write Gradle version information cache file.
java.io.FileNotFoundException: C:\Users\Rae\.tooling\gradle\versions.json (Access is denied)
	at java.io.FileOutputStream.open0(Native Method) ~[na:1.8.0_144]
	at java.io.FileOutputStream.open(Unknown Source) ~[na:1.8.0_144]
	at java.io.FileOutputStream.<init>(Unknown Source) ~[na:1.8.0_144]
	at com.google.common.io.Files$FileByteSink.openStream(Files.java:245) ~[com.google.guava_15.0.0.v201403281430.jar:na]
	at com.google.common.io.Files$FileByteSink.openStream(Files.java:233) ~[com.google.guava_15.0.0.v201403281430.jar:na]
	at com.google.common.io.ByteSink$AsCharSink.openStream(ByteSink.java:158) ~[com.google.guava_15.0.0.v201403281430.jar:na]
	at com.google.common.io.CharSource.copyTo(CharSource.java:138) ~[com.google.guava_15.0.0.v201403281430.jar:na]
	at com.gradleware.tooling.toolingutils.distribution.PublishedGradleVersions.storeCacheVersionsFile(PublishedGradleVersions.java:194) [com.gradleware.tooling.utils_0.16.0.v20160831165132.jar:na]
	at com.gradleware.tooling.toolingutils.distribution.PublishedGradleVersions.tryToDownloadAndCacheVersions(PublishedGradleVersions.java:160) [com.gradleware.tooling.utils_0.16.0.v20160831165132.jar:na]
	at com.gradleware.tooling.toolingutils.distribution.PublishedGradleVersions.tryToUpdateOutdatedVersionsFile(PublishedGradleVersions.java:143) [com.gradleware.tooling.utils_0.16.0.v20160831165132.jar:na]
	at com.gradleware.tooling.toolingutils.distribution.PublishedGradleVersions.create(PublishedGradleVersions.java:127) [com.gradleware.tooling.utils_0.16.0.v20160831165132.jar:na]
	at org.eclipse.buildship.core.util.gradle.PublishedGradleVersionsWrapper$LoadVersionsJob.run(PublishedGradleVersionsWrapper.java:87) [org.eclipse.buildship.core_1.0.21.v20161010-1640.jar:na]
	at org.eclipse.core.internal.jobs.Worker.run(Worker.java:55) [org.eclipse.core.jobs_3.8.0.v20160509-0411.jar:na]
2017-11-12 11:42:24,725 [Worker-2] INFO  c.g.t.t.d.PublishedGradleVersions - Gradle version information cache is out-of-date. Trying to update.
2017-11-12 11:42:25,468 [Worker-2] ERROR c.g.t.t.d.PublishedGradleVersions - Cannot write Gradle version information cache file.
java.io.FileNotFoundException: C:\Users\Rae\.tooling\gradle\versions.json (Access is denied)
	at java.io.FileOutputStream.open0(Native Method) ~[na:1.8.0_144]
	at java.io.FileOutputStream.open(Unknown Source) ~[na:1.8.0_144]
	at java.io.FileOutputStream.<init>(Unknown Source) ~[na:1.8.0_144]
	at com.google.common.io.Files$FileByteSink.openStream(Files.java:245) ~[com.google.guava_15.0.0.v201403281430.jar:na]
	at com.google.common.io.Files$FileByteSink.openStream(Files.java:233) ~[com.google.guava_15.0.0.v201403281430.jar:na]
	at com.google.common.io.ByteSink$AsCharSink.openStream(ByteSink.java:158) ~[com.google.guava_15.0.0.v201403281430.jar:na]
	at com.google.common.io.CharSource.copyTo(CharSource.java:138) ~[com.google.guava_15.0.0.v201403281430.jar:na]
	at com.gradleware.tooling.toolingutils.distribution.PublishedGradleVersions.storeCacheVersionsFile(PublishedGradleVersions.java:194) [com.gradleware.tooling.utils_0.16.0.v20160831165132.jar:na]
	at com.gradleware.tooling.toolingutils.distribution.PublishedGradleVersions.tryToDownloadAndCacheVersions(PublishedGradleVersions.java:160) [com.gradleware.tooling.utils_0.16.0.v20160831165132.jar:na]
	at com.gradleware.tooling.toolingutils.distribution.PublishedGradleVersions.tryToUpdateOutdatedVersionsFile(PublishedGradleVersions.java:143) [com.gradleware.tooling.utils_0.16.0.v20160831165132.jar:na]
	at com.gradleware.tooling.toolingutils.distribution.PublishedGradleVersions.create(PublishedGradleVersions.java:127) [com.gradleware.tooling.utils_0.16.0.v20160831165132.jar:na]
	at org.eclipse.buildship.core.util.gradle.PublishedGradleVersionsWrapper$LoadVersionsJob.run(PublishedGradleVersionsWrapper.java:87) [org.eclipse.buildship.core_1.0.21.v20161010-1640.jar:na]
	at org.eclipse.core.internal.jobs.Worker.run(Worker.java:55) [org.eclipse.core.jobs_3.8.0.v20160509-0411.jar:na]
2017-11-12 16:51:20,898 [Worker-0] INFO  c.g.t.t.d.PublishedGradleVersions - Gradle version information cache is out-of-date. Trying to update.
2017-11-12 16:51:21,679 [Worker-0] ERROR c.g.t.t.d.PublishedGradleVersions - Cannot write Gradle version information cache file.
java.io.FileNotFoundException: C:\Users\Rae\.tooling\gradle\versions.json (Access is denied)
	at java.io.FileOutputStream.open0(Native Method) ~[na:1.8.0_144]
	at java.io.FileOutputStream.open(Unknown Source) ~[na:1.8.0_144]
	at java.io.FileOutputStream.<init>(Unknown Source) ~[na:1.8.0_144]
	at com.google.common.io.Files$FileByteSink.openStream(Files.java:245) ~[com.google.guava_15.0.0.v201403281430.jar:na]
	at com.google.common.io.Files$FileByteSink.openStream(Files.java:233) ~[com.google.guava_15.0.0.v201403281430.jar:na]
	at com.google.common.io.ByteSink$AsCharSink.openStream(ByteSink.java:158) ~[com.google.guava_15.0.0.v201403281430.jar:na]
	at com.google.common.io.CharSource.copyTo(CharSource.java:138) ~[com.google.guava_15.0.0.v201403281430.jar:na]
	at com.gradleware.tooling.toolingutils.distribution.PublishedGradleVersions.storeCacheVersionsFile(PublishedGradleVersions.java:194) [com.gradleware.tooling.utils_0.16.0.v20160831165132.jar:na]
	at com.gradleware.tooling.toolingutils.distribution.PublishedGradleVersions.tryToDownloadAndCacheVersions(PublishedGradleVersions.java:160) [com.gradleware.tooling.utils_0.16.0.v20160831165132.jar:na]
	at com.gradleware.tooling.toolingutils.distribution.PublishedGradleVersions.tryToUpdateOutdatedVersionsFile(PublishedGradleVersions.java:143) [com.gradleware.tooling.utils_0.16.0.v20160831165132.jar:na]
	at com.gradleware.tooling.toolingutils.distribution.PublishedGradleVersions.create(PublishedGradleVersions.java:127) [com.gradleware.tooling.utils_0.16.0.v20160831165132.jar:na]
	at org.eclipse.buildship.core.util.gradle.PublishedGradleVersionsWrapper$LoadVersionsJob.run(PublishedGradleVersionsWrapper.java:87) [org.eclipse.buildship.core_1.0.21.v20161010-1640.jar:na]
	at org.eclipse.core.internal.jobs.Worker.run(Worker.java:55) [org.eclipse.core.jobs_3.8.0.v20160509-0411.jar:na]
2017-11-12 20:06:38,341 [Worker-3] INFO  c.g.t.t.d.PublishedGradleVersions - Gradle version information cache is out-of-date. Trying to update.
2017-11-12 20:06:39,315 [Worker-3] ERROR c.g.t.t.d.PublishedGradleVersions - Cannot write Gradle version information cache file.
java.io.FileNotFoundException: C:\Users\Rae\.tooling\gradle\versions.json (Access is denied)
	at java.io.FileOutputStream.open0(Native Method) ~[na:1.8.0_144]
	at java.io.FileOutputStream.open(Unknown Source) ~[na:1.8.0_144]
	at java.io.FileOutputStream.<init>(Unknown Source) ~[na:1.8.0_144]
	at com.google.common.io.Files$FileByteSink.openStream(Files.java:245) ~[com.google.guava_15.0.0.v201403281430.jar:na]
	at com.google.common.io.Files$FileByteSink.openStream(Files.java:233) ~[com.google.guava_15.0.0.v201403281430.jar:na]
	at com.google.common.io.ByteSink$AsCharSink.openStream(ByteSink.java:158) ~[com.google.guava_15.0.0.v201403281430.jar:na]
	at com.google.common.io.CharSource.copyTo(CharSource.java:138) ~[com.google.guava_15.0.0.v201403281430.jar:na]
	at com.gradleware.tooling.toolingutils.distribution.PublishedGradleVersions.storeCacheVersionsFile(PublishedGradleVersions.java:194) [com.gradleware.tooling.utils_0.16.0.v20160831165132.jar:na]
	at com.gradleware.tooling.toolingutils.distribution.PublishedGradleVersions.tryToDownloadAndCacheVersions(PublishedGradleVersions.java:160) [com.gradleware.tooling.utils_0.16.0.v20160831165132.jar:na]
	at com.gradleware.tooling.toolingutils.distribution.PublishedGradleVersions.tryToUpdateOutdatedVersionsFile(PublishedGradleVersions.java:143) [com.gradleware.tooling.utils_0.16.0.v20160831165132.jar:na]
	at com.gradleware.tooling.toolingutils.distribution.PublishedGradleVersions.create(PublishedGradleVersions.java:127) [com.gradleware.tooling.utils_0.16.0.v20160831165132.jar:na]
	at org.eclipse.buildship.core.util.gradle.PublishedGradleVersionsWrapper$LoadVersionsJob.run(PublishedGradleVersionsWrapper.java:87) [org.eclipse.buildship.core_1.0.21.v20161010-1640.jar:na]
	at org.eclipse.core.internal.jobs.Worker.run(Worker.java:55) [org.eclipse.core.jobs_3.8.0.v20160509-0411.jar:na]
2017-11-13 10:41:09,334 [Worker-1] INFO  c.g.t.t.d.PublishedGradleVersions - Gradle version information cache is out-of-date. Trying to update.
2017-11-13 10:41:10,032 [Worker-1] ERROR c.g.t.t.d.PublishedGradleVersions - Cannot write Gradle version information cache file.
java.io.FileNotFoundException: C:\Users\Rae\.tooling\gradle\versions.json (Access is denied)
	at java.io.FileOutputStream.open0(Native Method) ~[na:1.8.0_144]
	at java.io.FileOutputStream.open(Unknown Source) ~[na:1.8.0_144]
	at java.io.FileOutputStream.<init>(Unknown Source) ~[na:1.8.0_144]
	at com.google.common.io.Files$FileByteSink.openStream(Files.java:245) ~[com.google.guava_15.0.0.v201403281430.jar:na]
	at com.google.common.io.Files$FileByteSink.openStream(Files.java:233) ~[com.google.guava_15.0.0.v201403281430.jar:na]
	at com.google.common.io.ByteSink$AsCharSink.openStream(ByteSink.java:158) ~[com.google.guava_15.0.0.v201403281430.jar:na]
	at com.google.common.io.CharSource.copyTo(CharSource.java:138) ~[com.google.guava_15.0.0.v201403281430.jar:na]
	at com.gradleware.tooling.toolingutils.distribution.PublishedGradleVersions.storeCacheVersionsFile(PublishedGradleVersions.java:194) [com.gradleware.tooling.utils_0.16.0.v20160831165132.jar:na]
	at com.gradleware.tooling.toolingutils.distribution.PublishedGradleVersions.tryToDownloadAndCacheVersions(PublishedGradleVersions.java:160) [com.gradleware.tooling.utils_0.16.0.v20160831165132.jar:na]
	at com.gradleware.tooling.toolingutils.distribution.PublishedGradleVersions.tryToUpdateOutdatedVersionsFile(PublishedGradleVersions.java:143) [com.gradleware.tooling.utils_0.16.0.v20160831165132.jar:na]
	at com.gradleware.tooling.toolingutils.distribution.PublishedGradleVersions.create(PublishedGradleVersions.java:127) [com.gradleware.tooling.utils_0.16.0.v20160831165132.jar:na]
	at org.eclipse.buildship.core.util.gradle.PublishedGradleVersionsWrapper$LoadVersionsJob.run(PublishedGradleVersionsWrapper.java:87) [org.eclipse.buildship.core_1.0.21.v20161010-1640.jar:na]
	at org.eclipse.core.internal.jobs.Worker.run(Worker.java:55) [org.eclipse.core.jobs_3.8.0.v20160509-0411.jar:na]
2017-11-15 09:25:55,467 [Worker-0] INFO  c.g.t.t.d.PublishedGradleVersions - Gradle version information cache is out-of-date. Trying to update.
2017-11-15 09:25:56,233 [Worker-0] ERROR c.g.t.t.d.PublishedGradleVersions - Cannot write Gradle version information cache file.
java.io.FileNotFoundException: C:\Users\Rae\.tooling\gradle\versions.json (Access is denied)
	at java.io.FileOutputStream.open0(Native Method) ~[na:1.8.0_144]
	at java.io.FileOutputStream.open(Unknown Source) ~[na:1.8.0_144]
	at java.io.FileOutputStream.<init>(Unknown Source) ~[na:1.8.0_144]
	at com.google.common.io.Files$FileByteSink.openStream(Files.java:245) ~[com.google.guava_15.0.0.v201403281430.jar:na]
	at com.google.common.io.Files$FileByteSink.openStream(Files.java:233) ~[com.google.guava_15.0.0.v201403281430.jar:na]
	at com.google.common.io.ByteSink$AsCharSink.openStream(ByteSink.java:158) ~[com.google.guava_15.0.0.v201403281430.jar:na]
	at com.google.common.io.CharSource.copyTo(CharSource.java:138) ~[com.google.guava_15.0.0.v201403281430.jar:na]
	at com.gradleware.tooling.toolingutils.distribution.PublishedGradleVersions.storeCacheVersionsFile(PublishedGradleVersions.java:194) [com.gradleware.tooling.utils_0.16.0.v20160831165132.jar:na]
	at com.gradleware.tooling.toolingutils.distribution.PublishedGradleVersions.tryToDownloadAndCacheVersions(PublishedGradleVersions.java:160) [com.gradleware.tooling.utils_0.16.0.v20160831165132.jar:na]
	at com.gradleware.tooling.toolingutils.distribution.PublishedGradleVersions.tryToUpdateOutdatedVersionsFile(PublishedGradleVersions.java:143) [com.gradleware.tooling.utils_0.16.0.v20160831165132.jar:na]
	at com.gradleware.tooling.toolingutils.distribution.PublishedGradleVersions.create(PublishedGradleVersions.java:127) [com.gradleware.tooling.utils_0.16.0.v20160831165132.jar:na]
	at org.eclipse.buildship.core.util.gradle.PublishedGradleVersionsWrapper$LoadVersionsJob.run(PublishedGradleVersionsWrapper.java:87) [org.eclipse.buildship.core_1.0.21.v20161010-1640.jar:na]
	at org.eclipse.core.internal.jobs.Worker.run(Worker.java:55) [org.eclipse.core.jobs_3.8.0.v20160509-0411.jar:na]
2017-11-15 18:50:56,661 [Worker-0] INFO  c.g.t.t.d.PublishedGradleVersions - Gradle version information cache is out-of-date. Trying to update.
2017-11-15 18:50:57,211 [Worker-0] ERROR c.g.t.t.d.PublishedGradleVersions - Cannot write Gradle version information cache file.
java.io.FileNotFoundException: C:\Users\Rae\.tooling\gradle\versions.json (Access is denied)
	at java.io.FileOutputStream.open0(Native Method) ~[na:1.8.0_144]
	at java.io.FileOutputStream.open(Unknown Source) ~[na:1.8.0_144]
	at java.io.FileOutputStream.<init>(Unknown Source) ~[na:1.8.0_144]
	at com.google.common.io.Files$FileByteSink.openStream(Files.java:245) ~[com.google.guava_15.0.0.v201403281430.jar:na]
	at com.google.common.io.Files$FileByteSink.openStream(Files.java:233) ~[com.google.guava_15.0.0.v201403281430.jar:na]
	at com.google.common.io.ByteSink$AsCharSink.openStream(ByteSink.java:158) ~[com.google.guava_15.0.0.v201403281430.jar:na]
	at com.google.common.io.CharSource.copyTo(CharSource.java:138) ~[com.google.guava_15.0.0.v201403281430.jar:na]
	at com.gradleware.tooling.toolingutils.distribution.PublishedGradleVersions.storeCacheVersionsFile(PublishedGradleVersions.java:194) [com.gradleware.tooling.utils_0.16.0.v20160831165132.jar:na]
	at com.gradleware.tooling.toolingutils.distribution.PublishedGradleVersions.tryToDownloadAndCacheVersions(PublishedGradleVersions.java:160) [com.gradleware.tooling.utils_0.16.0.v20160831165132.jar:na]
	at com.gradleware.tooling.toolingutils.distribution.PublishedGradleVersions.tryToUpdateOutdatedVersionsFile(PublishedGradleVersions.java:143) [com.gradleware.tooling.utils_0.16.0.v20160831165132.jar:na]
	at com.gradleware.tooling.toolingutils.distribution.PublishedGradleVersions.create(PublishedGradleVersions.java:127) [com.gradleware.tooling.utils_0.16.0.v20160831165132.jar:na]
	at org.eclipse.buildship.core.util.gradle.PublishedGradleVersionsWrapper$LoadVersionsJob.run(PublishedGradleVersionsWrapper.java:87) [org.eclipse.buildship.core_1.0.21.v20161010-1640.jar:na]
	at org.eclipse.core.internal.jobs.Worker.run(Worker.java:55) [org.eclipse.core.jobs_3.8.0.v20160509-0411.jar:na]
2017-11-16 08:08:16,857 [Worker-1] INFO  c.g.t.t.d.PublishedGradleVersions - Gradle version information cache is out-of-date. Trying to update.
2017-11-16 08:08:18,232 [Worker-1] ERROR c.g.t.t.d.PublishedGradleVersions - Cannot write Gradle version information cache file.
java.io.FileNotFoundException: C:\Users\Rae\.tooling\gradle\versions.json (Access is denied)
	at java.io.FileOutputStream.open0(Native Method) ~[na:1.8.0_144]
	at java.io.FileOutputStream.open(Unknown Source) ~[na:1.8.0_144]
	at java.io.FileOutputStream.<init>(Unknown Source) ~[na:1.8.0_144]
	at com.google.common.io.Files$FileByteSink.openStream(Files.java:245) ~[com.google.guava_15.0.0.v201403281430.jar:na]
	at com.google.common.io.Files$FileByteSink.openStream(Files.java:233) ~[com.google.guava_15.0.0.v201403281430.jar:na]
	at com.google.common.io.ByteSink$AsCharSink.openStream(ByteSink.java:158) ~[com.google.guava_15.0.0.v201403281430.jar:na]
	at com.google.common.io.CharSource.copyTo(CharSource.java:138) ~[com.google.guava_15.0.0.v201403281430.jar:na]
	at com.gradleware.tooling.toolingutils.distribution.PublishedGradleVersions.storeCacheVersionsFile(PublishedGradleVersions.java:194) [com.gradleware.tooling.utils_0.16.0.v20160831165132.jar:na]
	at com.gradleware.tooling.toolingutils.distribution.PublishedGradleVersions.tryToDownloadAndCacheVersions(PublishedGradleVersions.java:160) [com.gradleware.tooling.utils_0.16.0.v20160831165132.jar:na]
	at com.gradleware.tooling.toolingutils.distribution.PublishedGradleVersions.tryToUpdateOutdatedVersionsFile(PublishedGradleVersions.java:143) [com.gradleware.tooling.utils_0.16.0.v20160831165132.jar:na]
	at com.gradleware.tooling.toolingutils.distribution.PublishedGradleVersions.create(PublishedGradleVersions.java:127) [com.gradleware.tooling.utils_0.16.0.v20160831165132.jar:na]
	at org.eclipse.buildship.core.util.gradle.PublishedGradleVersionsWrapper$LoadVersionsJob.run(PublishedGradleVersionsWrapper.java:87) [org.eclipse.buildship.core_1.0.21.v20161010-1640.jar:na]
	at org.eclipse.core.internal.jobs.Worker.run(Worker.java:55) [org.eclipse.core.jobs_3.8.0.v20160509-0411.jar:na]
2017-11-16 09:03:04,248 [Worker-0] INFO  c.g.t.t.d.PublishedGradleVersions - Gradle version information cache is out-of-date. Trying to update.
2017-11-16 09:03:04,873 [Worker-0] ERROR c.g.t.t.d.PublishedGradleVersions - Cannot write Gradle version information cache file.
java.io.FileNotFoundException: C:\Users\Rae\.tooling\gradle\versions.json (Access is denied)
	at java.io.FileOutputStream.open0(Native Method) ~[na:1.8.0_144]
	at java.io.FileOutputStream.open(Unknown Source) ~[na:1.8.0_144]
	at java.io.FileOutputStream.<init>(Unknown Source) ~[na:1.8.0_144]
	at com.google.common.io.Files$FileByteSink.openStream(Files.java:245) ~[com.google.guava_15.0.0.v201403281430.jar:na]
	at com.google.common.io.Files$FileByteSink.openStream(Files.java:233) ~[com.google.guava_15.0.0.v201403281430.jar:na]
	at com.google.common.io.ByteSink$AsCharSink.openStream(ByteSink.java:158) ~[com.google.guava_15.0.0.v201403281430.jar:na]
	at com.google.common.io.CharSource.copyTo(CharSource.java:138) ~[com.google.guava_15.0.0.v201403281430.jar:na]
	at com.gradleware.tooling.toolingutils.distribution.PublishedGradleVersions.storeCacheVersionsFile(PublishedGradleVersions.java:194) [com.gradleware.tooling.utils_0.16.0.v20160831165132.jar:na]
	at com.gradleware.tooling.toolingutils.distribution.PublishedGradleVersions.tryToDownloadAndCacheVersions(PublishedGradleVersions.java:160) [com.gradleware.tooling.utils_0.16.0.v20160831165132.jar:na]
	at com.gradleware.tooling.toolingutils.distribution.PublishedGradleVersions.tryToUpdateOutdatedVersionsFile(PublishedGradleVersions.java:143) [com.gradleware.tooling.utils_0.16.0.v20160831165132.jar:na]
	at com.gradleware.tooling.toolingutils.distribution.PublishedGradleVersions.create(PublishedGradleVersions.java:127) [com.gradleware.tooling.utils_0.16.0.v20160831165132.jar:na]
	at org.eclipse.buildship.core.util.gradle.PublishedGradleVersionsWrapper$LoadVersionsJob.run(PublishedGradleVersionsWrapper.java:87) [org.eclipse.buildship.core_1.0.21.v20161010-1640.jar:na]
	at org.eclipse.core.internal.jobs.Worker.run(Worker.java:55) [org.eclipse.core.jobs_3.8.0.v20160509-0411.jar:na]
2017-11-16 20:01:39,319 [Worker-3] INFO  c.g.t.t.d.PublishedGradleVersions - Gradle version information cache is out-of-date. Trying to update.
2017-11-16 20:01:40,115 [Worker-3] ERROR c.g.t.t.d.PublishedGradleVersions - Cannot write Gradle version information cache file.
java.io.FileNotFoundException: C:\Users\Rae\.tooling\gradle\versions.json (Access is denied)
	at java.io.FileOutputStream.open0(Native Method) ~[na:1.8.0_144]
	at java.io.FileOutputStream.open(Unknown Source) ~[na:1.8.0_144]
	at java.io.FileOutputStream.<init>(Unknown Source) ~[na:1.8.0_144]
	at com.google.common.io.Files$FileByteSink.openStream(Files.java:245) ~[com.google.guava_15.0.0.v201403281430.jar:na]
	at com.google.common.io.Files$FileByteSink.openStream(Files.java:233) ~[com.google.guava_15.0.0.v201403281430.jar:na]
	at com.google.common.io.ByteSink$AsCharSink.openStream(ByteSink.java:158) ~[com.google.guava_15.0.0.v201403281430.jar:na]
	at com.google.common.io.CharSource.copyTo(CharSource.java:138) ~[com.google.guava_15.0.0.v201403281430.jar:na]
	at com.gradleware.tooling.toolingutils.distribution.PublishedGradleVersions.storeCacheVersionsFile(PublishedGradleVersions.java:194) [com.gradleware.tooling.utils_0.16.0.v20160831165132.jar:na]
	at com.gradleware.tooling.toolingutils.distribution.PublishedGradleVersions.tryToDownloadAndCacheVersions(PublishedGradleVersions.java:160) [com.gradleware.tooling.utils_0.16.0.v20160831165132.jar:na]
	at com.gradleware.tooling.toolingutils.distribution.PublishedGradleVersions.tryToUpdateOutdatedVersionsFile(PublishedGradleVersions.java:143) [com.gradleware.tooling.utils_0.16.0.v20160831165132.jar:na]
	at com.gradleware.tooling.toolingutils.distribution.PublishedGradleVersions.create(PublishedGradleVersions.java:127) [com.gradleware.tooling.utils_0.16.0.v20160831165132.jar:na]
	at org.eclipse.buildship.core.util.gradle.PublishedGradleVersionsWrapper$LoadVersionsJob.run(PublishedGradleVersionsWrapper.java:87) [org.eclipse.buildship.core_1.0.21.v20161010-1640.jar:na]
	at org.eclipse.core.internal.jobs.Worker.run(Worker.java:55) [org.eclipse.core.jobs_3.8.0.v20160509-0411.jar:na]
